<?xml version="1.0" encoding="UTF-8"?>
<!-- Generated by org.testng.reporters.JUnitReportReporter -->
<testsuite hostname="LAPTOP-V0FRCFH4" failures="0" tests="1" name="testpkg.Registrationtest" time="37.088" errors="0" timestamp="2024-11-06T16:33:45 IST" skipped="0">
  <testcase classname="testpkg.Registrationtest" name="verfylogin" time="37.088"/>
</testsuite> <!-- testpkg.Registrationtest -->
